(3-Cyano)Methylenecyclopropane                          Tue Mar 12 13:40:05 2024
ID=     5 QSPINROT=  40284824.9463 MIN, MAX QN=   0 120
MIN.LOG.STR=    -8.000 MIN.LOG.STR(FRQ/300GHZ)**2=    -8.000 MAX FREQ      750.0 GHZ, TEMP=   292.00
     1      1    3.6924      / a dipole moment gs
     2      2    1.4958      / b dipole moment gs
     3      3    0.9398      / c dipole moment gs
.VAR FILE TITLE :(3-Cyano)Methylenecyclopropane                          Tue Mar 12 12:37:59 2024
                              PARAMETERS - A.PRIORI ERROR 
     1      1         1000000   7.7805790123313E+03    9.677050E+02 A_gs
     2      2         2000000   2.5668136006656E+03    7.568688E+01 B_gs
     3      3         3000000   2.1320521577033E+03    1.345183E+00 C_gs
     4      4           20000  -1.2384981605365E-03    3.180884E-02 -DJ_gs
     5      5          110000   7.6008623508241E-03    9.854851E-01 -DJK_gs
     6      6          200000  -3.7291271850380E-02    9.997893E-01 -DK_gs
     7      7         4010000  -3.3246882505184E-04    2.546244E-02 -dJ_gs
     8      8         4100000  -2.7937963698367E-03    5.987899E-01 -dK_gs
     9      9           30000   3.8659179643406E-09    2.029805E-04 HJ_gs
    10     10          120000   1.0732773955933E-08    3.034094E-02 HJK_gs
    11     11          210000  -2.1722602017162E-07    3.106024E-01 HKJ_gs
    12     12          300000   7.5885630275327E-07    8.319512E-01 HK_gs
    13     13         4020000   1.5447837004929E-09    1.014599E-04 hJ_gs
    14     14         4110000   2.2002957544455E-08    1.263867E-02 hJK_gs
    15     15         4200000   2.8259930455956E-07    7.299057E-02 hK_gs
    16     16           40000  -1.2564636490483E-14    2.609434E-10 LJ_gs
    17     17          130000  -1.6294419620169E-13    2.555941E-08 LJJK_gs
    18     18          220000   1.2456774012847E-12    5.219326E-05 LJK_gs
    19     19          310000   4.3355845309056E-13    2.790499E-04 LKKJ_gs
    20     20          400000  -7.6965636080918E-12    9.293314E-04 LK_gs
    21     21         4030000  -5.3526688361060E-15    1.304856E-10 lJ_gs
    22     22         4120000  -8.1816658337387E-14    2.635153E-08 lJK_gs
    23     23         4210000   8.5596730967343E-13    2.664458E-05 lKJ_gs
    24     24         4300000   0.0000000000000E+00    1.000000E-37 lK_gs
    25     25               0   0.0000000000000E+00    1.000000E-37 E_gs
25 parameters read, 25 independent parameters
IQNFMT = 1404
ENERGY SORT OF WANG SUB-BLOCKS
PROLATE ROTOR
    V KMIN KMAX WTPL WTMN ESYMWT NSYM SPINS
    0    0  120    1    1     99    2
    1    0  120    1    1     99    2
    2    0  120    1    1     99    2
    3    0  120    1    1     99    2
    4    0  120    1    1     99    2
    5    0  120    1    1     99    2
    6    0  120    1    1     99    2
    7    0  120    1    1     99    2
    8    0  120    1    1     99    2
    9    0  120    1    1     99    2
   10    0  120    1    1     99    2
   11    0  120    1    1     99    2
   12    0  120    1    1     99    2
   13    0  120    1    1     99    2
   14    0  120    1    1     99    2
   15    0  120    1    1     99    2
   16    0  120    1    1     99    2
   17    0  120    1    1     99    2
BLOCK - WT - SYM - V - TSP - N  -  other quanta  (rel. to F=0 )
    1    1    x    0    0
    2    1    c    0    0
    3    1    b    0    0
    4    1    a    0    0
    5    1    x    1    0
    6    1    c    1    0
    7    1    b    1    0
    8    1    a    1    0
    9    1    x    2    0
   10    1    c    2    0
   11    1    b    2    0
   12    1    a    2    0
   13    1    x    3    0
   14    1    c    3    0
   15    1    b    3    0
   16    1    a    3    0
   17    1    x    4    0
   18    1    c    4    0
   19    1    b    4    0
   20    1    a    4    0
   21    1    x    5    0
   22    1    c    5    0
   23    1    b    5    0
   24    1    a    5    0
   25    1    x    6    0
   26    1    c    6    0
   27    1    b    6    0
   28    1    a    6    0
   29    1    x    7    0
   30    1    c    7    0
   31    1    b    7    0
   32    1    a    7    0
   33    1    x    8    0
   34    1    c    8    0
   35    1    b    8    0
   36    1    a    8    0
   37    1    x    9    0
   38    1    c    9    0
   39    1    b    9    0
   40    1    a    9    0
   41    1    x   10    0
   42    1    c   10    0
   43    1    b   10    0
   44    1    a   10    0
   45    1    x   11    0
   46    1    c   11    0
   47    1    b   11    0
   48    1    a   11    0
   49    1    x   12    0
   50    1    c   12    0
   51    1    b   12    0
   52    1    a   12    0
   53    1    x   13    0
   54    1    c   13    0
   55    1    b   13    0
   56    1    a   13    0
   57    1    x   14    0
   58    1    c   14    0
   59    1    b   14    0
   60    1    a   14    0
   61    1    x   15    0
   62    1    c   15    0
   63    1    b   15    0
   64    1    a   15    0
   65    1    x   16    0
   66    1    c   16    0
   67    1    b   16    0
   68    1    a   16    0
   69    1    x   17    0
   70    1    c   17    0
   71    1    b   17    0
   72    1    a   17    0
Maximum Dimension for Hamiltonian = 61
INITIAL Q =  40284824.9463, NEW Q IS RELATIVE TO MIN.EGY.=         0.0000
 NUMBER OF LINES =  31538
TEMPERATURE - Q(SPIN-ROT.) - log Q(SPIN-ROT.)
    300.000  40288752.7056    7.6052
    292.000  40283509.9788    7.6051
    225.000  40242085.1041    7.6047
    150.000  40202264.4179    7.6043
     75.000  40171502.0062    7.6039
     37.500  40160638.1378    7.6038
     18.750  40156798.8663    7.6038
      9.375  40155441.3655    7.6037
